0 info it worked if it ends with ok
1 verbose cli [ 'C:\\Program Files\\nodejs\\node.exe',
1 verbose cli   'C:\\Program Files\\nodejs\\node_modules\\npm\\bin\\npm-cli.js',
1 verbose cli   'start' ]
2 info using npm@3.3.12
3 info using node@v5.3.0
4 verbose run-script [ 'prestart', 'start', 'poststart' ]
5 info lifecycle PiServer@0.0.0~prestart: PiServer@0.0.0
6 silly lifecycle PiServer@0.0.0~prestart: no script for prestart, continuing
7 info lifecycle PiServer@0.0.0~start: PiServer@0.0.0
8 verbose lifecycle PiServer@0.0.0~start: unsafe-perm in lifecycle true
9 verbose lifecycle PiServer@0.0.0~start: PATH: C:\Program Files\nodejs\node_modules\npm\bin\node-gyp-bin;C:\users\acer\webstormprojects\piserver\node_modules\.bin;C:\Users\Acer\bin;C:\Program Files\Git\mingw64\bin;C:\Program Files\Git\usr\local\bin;C:\Program Files\Git\usr\bin;C:\Program Files\Git\usr\bin;C:\Program Files\Git\mingw64\bin;C:\Program Files\Git\usr\bin;C:\Users\Acer\bin;C:\ProgramData\Oracle\Java\javapath;C:\Windows\system32;C:\Windows;C:\Windows\System32\Wbem;C:\Windows\System32\WindowsPowerShell\v1.0;C:\Program Files\nodejs;C:\Program Files (x86)\Skype\Phone;C:\Program Files (x86)\GtkSharp\2.12\bin;C:\Windows\system32\config\systemprofile\.dnx\bin;C:\Program Files\Microsoft DNX\Dnvm;C:\Program Files (x86)\Windows Kits\8.1\Windows Performance Toolkit;C:\Program Files (x86)\Heroku\bin;C:\Program Files (x86)\git\cmd;C:\Program Files (x86)\Brackets\command;C:\Users\Acer\AppData\Local\Programs\Python\Python35-32\Scripts;C:\Users\Acer\AppData\Local\Programs\Python\Python35-32;C:\Users\Acer\AppData\Roaming\npm;C:\Program Files\Java\jdk1.8.0_66\bin;C:\Program Files\Java\gradle-2.10\bin;C:\Program Files (x86)\Microsoft VS Code\bin;C:\Program Files\Git\usr\bin\vendor_perl;C:\Program Files\Git\usr\bin\core_perl
10 verbose lifecycle PiServer@0.0.0~start: CWD: C:\users\acer\webstormprojects\piserver
11 silly lifecycle PiServer@0.0.0~start: Args: [ '/d /s /c', 'node ./bin/www' ]
12 silly lifecycle PiServer@0.0.0~start: Returned: code: 1  signal: null
13 info lifecycle PiServer@0.0.0~start: Failed to exec start script
14 verbose stack Error: PiServer@0.0.0 start: `node ./bin/www`
14 verbose stack Exit status 1
14 verbose stack     at EventEmitter.<anonymous> (C:\Program Files\nodejs\node_modules\npm\lib\utils\lifecycle.js:232:16)
14 verbose stack     at emitTwo (events.js:87:13)
14 verbose stack     at EventEmitter.emit (events.js:172:7)
14 verbose stack     at ChildProcess.<anonymous> (C:\Program Files\nodejs\node_modules\npm\lib\utils\spawn.js:24:14)
14 verbose stack     at emitTwo (events.js:87:13)
14 verbose stack     at ChildProcess.emit (events.js:172:7)
14 verbose stack     at maybeClose (internal/child_process.js:818:16)
14 verbose stack     at Process.ChildProcess._handle.onexit (internal/child_process.js:211:5)
15 verbose pkgid PiServer@0.0.0
16 verbose cwd C:\users\acer\webstormprojects\piserver
17 error Windows_NT 10.0.10586
18 error argv "C:\\Program Files\\nodejs\\node.exe" "C:\\Program Files\\nodejs\\node_modules\\npm\\bin\\npm-cli.js" "start"
19 error node v5.3.0
20 error npm  v3.3.12
21 error code ELIFECYCLE
22 error PiServer@0.0.0 start: `node ./bin/www`
22 error Exit status 1
23 error Failed at the PiServer@0.0.0 start script 'node ./bin/www'.
23 error Make sure you have the latest version of node.js and npm installed.
23 error If you do, this is most likely a problem with the PiServer package,
23 error not with npm itself.
23 error Tell the author that this fails on your system:
23 error     node ./bin/www
23 error You can get their info via:
23 error     npm owner ls PiServer
23 error There is likely additional logging output above.
24 verbose exit [ 1, true ]
